{"level":"info","time":"2025-05-28T20:17:28.418+0530","caller":"cmd/bin.go:119","msg":"Generating TraceID for tracking request: 01JWBNSMD1TMBM4MCEPEWACRHH \n"}
{"level":"debug","time":"2025-05-28T20:17:29.368+0530","caller":"cmd/bin.go:145","msg":"cli os: darwin, cli arch: arm64"}
{"level":"debug","time":"2025-05-28T20:17:30.185+0530","caller":"cmd/bin.go:154","msg":"Upstream version details: {Name:cli Min:0.2.277 Max:0.2.585} "}
{"level":"debug","time":"2025-05-28T20:17:32.995+0530","caller":"core/lifecycle.go:108","msg":"Setting environment"}
{"level":"debug","time":"2025-05-28T20:17:32.996+0530","caller":"core/lifecycle.go:111","msg":"Parsing config"}
{"level":"debug","time":"2025-05-28T20:17:32.996+0530","caller":"yamlconfigmanager/setup.go:719","msg":"Custom location for .hyperexecute.yaml specified. Using: hypexSim.yaml"}
{"level":"error","time":"2025-05-28T20:17:32.996+0530","caller":"core/lifecycle.go:116","msg":"2025-05-28T20:17:28+05:30    error    \u001b[91mERR::NO::HTY\u001b[0m     Unable to find hyperexecute config file.    No file found at location hypexSim.yaml    Error while loading hyperexecute configuration file"}
{"level":"debug","time":"2025-05-28T20:17:32.996+0530","caller":"core/lifecycle.go:59","msg":"Quit requested from main goroutine...."}
{"level":"debug","time":"2025-05-28T20:17:32.996+0530","caller":"core/lifecycle.go:60","msg":"Waiting for the goroutines to exit"}
{"level":"debug","time":"2025-05-28T20:17:32.996+0530","caller":"core/lifecycle.go:63","msg":"All lifecycle goroutines exited"}
{"level":"debug","time":"2025-05-28T20:17:32.996+0530","caller":"cmd/bin.go:397","msg":"Exiting application due to error \u001b[91mERR::NO::HTY\u001b[0m     Unable to find hyperexecute config file.    No file found at location hypexSim.yaml"}
{"level":"info","time":"2025-06-03T07:18:32.077+0530","caller":"cmd/bin.go:119","msg":"Generating TraceID for tracking request: 01JWSQKNEC45ECYWGH7NNXFAJE \n"}
{"level":"debug","time":"2025-06-03T07:18:32.803+0530","caller":"cmd/bin.go:145","msg":"cli os: darwin, cli arch: arm64"}
{"level":"debug","time":"2025-06-03T07:18:33.488+0530","caller":"cmd/bin.go:154","msg":"Upstream version details: {Name:cli Min:0.2.277 Max:0.2.591} "}
{"level":"info","time":"2025-06-03T07:18:33.488+0530","caller":"cmd/bin.go:163","msg":"Current binary version 0.2.585 is less than max upstream version 0.2.591."}
{"level":"info","time":"2025-06-03T07:18:33.488+0530","caller":"updater/updater.go:63","msg":"Auto updating binary ..................."}
{"level":"debug","time":"2025-06-03T07:18:33.489+0530","caller":"updater/updater.go:64","msg":"Download url: https://stage-downloads.hyperexecute.cloud/hyperexecute/cli/0.2.591/darwin/hyperexecute"}
{"level":"debug","time":"2025-06-03T07:18:36.799+0530","caller":"updater/updater.go:85","msg":"New binary downloaded successfully "}
{"level":"info","time":"2025-06-03T07:18:36.799+0530","caller":"cmd/bin.go:175","msg":"Update successfully installed. Restarting the binary..."}
{"level":"debug","time":"2025-06-03T07:18:38.372+0530","caller":"cmd/bin.go:144","msg":"cli os: darwin, cli arch: arm64"}
{"level":"debug","time":"2025-06-03T07:18:39.048+0530","caller":"cmd/bin.go:153","msg":"Upstream version details: {Name:cli Min:0.2.277 Max:0.2.591} "}
{"level":"info","time":"2025-06-03T07:18:39.048+0530","caller":"cmd/bin.go:201","msg":"Generating TraceID for tracking request: 01JWSQKTXDZYP3NRESRQ8488TP \n"}
{"level":"debug","time":"2025-06-03T07:18:41.436+0530","caller":"core/lifecycle.go:108","msg":"Setting environment"}
{"level":"debug","time":"2025-06-03T07:18:41.437+0530","caller":"core/lifecycle.go:111","msg":"Parsing config"}
{"level":"debug","time":"2025-06-03T07:18:41.437+0530","caller":"yamlconfigmanager/setup.go:719","msg":"Custom location for .hyperexecute.yaml specified. Using: hypexSim.yaml"}
{"level":"error","time":"2025-06-03T07:18:41.437+0530","caller":"core/lifecycle.go:116","msg":"2025-06-03T07:18:37+05:30    error    \u001b[91mERR::NO::HTY\u001b[0m     Unable to find hyperexecute config file.    No file found at location hypexSim.yaml    Error while loading hyperexecute configuration file"}
{"level":"debug","time":"2025-06-03T07:18:41.437+0530","caller":"core/lifecycle.go:59","msg":"Quit requested from main goroutine...."}
{"level":"debug","time":"2025-06-03T07:18:41.437+0530","caller":"core/lifecycle.go:60","msg":"Waiting for the goroutines to exit"}
{"level":"debug","time":"2025-06-03T07:18:41.437+0530","caller":"core/lifecycle.go:63","msg":"All lifecycle goroutines exited"}
{"level":"debug","time":"2025-06-03T07:18:41.437+0530","caller":"cmd/bin.go:397","msg":"Exiting application due to error \u001b[91mERR::NO::HTY\u001b[0m     Unable to find hyperexecute config file.    No file found at location hypexSim.yaml"}
{"level":"debug","time":"2025-06-03T07:18:41.439+0530","caller":"cmd/bin.go:195","msg":"Child binary process exited with error: exit status 1"}
{"level":"debug","time":"2025-06-03T07:19:27.476+0530","caller":"cmd/bin.go:144","msg":"cli os: darwin, cli arch: arm64"}
{"level":"debug","time":"2025-06-03T07:19:28.225+0530","caller":"cmd/bin.go:153","msg":"Upstream version details: {Name:cli Min:0.2.277 Max:0.2.591} "}
{"level":"info","time":"2025-06-03T07:19:28.225+0530","caller":"cmd/bin.go:201","msg":"Generating TraceID for tracking request: 01JWSQNAMB2CAN3ATCJ6MVW1XA \n"}
{"level":"debug","time":"2025-06-03T07:19:30.468+0530","caller":"core/lifecycle.go:108","msg":"Setting environment"}
{"level":"debug","time":"2025-06-03T07:19:30.468+0530","caller":"core/lifecycle.go:111","msg":"Parsing config"}
{"level":"debug","time":"2025-06-03T07:19:30.468+0530","caller":"yamlconfigmanager/setup.go:719","msg":"Custom location for .hyperexecute.yaml specified. Using: hypexSim.yaml"}
{"level":"debug","time":"2025-06-03T07:19:30.468+0530","caller":"yamlconfigmanager/setup.go:117","msg":"using hyperexecute config from : hypexSim.yaml"}
{"level":"debug","time":"2025-06-03T07:19:31.173+0530","caller":"yamlconfigmanager/setup.go:2119","msg":"Autodetecting test type in files of path : /Users/rishavj/Documents/lambdatest-detox-framework/detox_testing"}
{"level":"debug","time":"2025-06-03T07:19:31.173+0530","caller":"yamlconfigmanager/setup.go:541","msg":"Tunnel: %!t(<nil>)"}
{"level":"info","time":"2025-06-03T07:19:31.173+0530","caller":"models/HypertestYamlConfig.go:874","msg":"\n\u001b[4m\u001b[1m\u001b[97mExecution Plan\u001b[0m\u001b[22m\u001b[24m"}
{"level":"info","time":"2025-06-03T07:19:31.173+0530","caller":"models/HypertestYamlConfig.go:675","msg":"Mode:    \u001b[36mautosplit\u001b[0m"}
{"level":"info","time":"2025-06-03T07:19:31.173+0530","caller":"models/HypertestYamlConfig.go:735","msg":"Runson:    \u001b[36mios\u001b[0m"}
{"level":"info","time":"2025-06-03T07:19:31.173+0530","caller":"models/HypertestYamlConfig.go:743","msg":"Concurrency:    \u001b[36m1\u001b[0m"}
{"level":"info","time":"2025-06-03T07:19:31.173+0530","caller":"models/HypertestYamlConfig.go:760","msg":"Framework:"}
{"level":"info","time":"2025-06-03T07:19:31.173+0530","caller":"models/HypertestYamlConfig.go:761","msg":"    Name:    \u001b[36mraw\u001b[0m"}
{"level":"info","time":"2025-06-03T07:19:31.173+0530","caller":"models/HypertestYamlConfig.go:778","msg":"    Discovery Mode:    \u001b[36mlocal\u001b[0m"}
{"level":"info","time":"2025-06-03T07:19:31.173+0530","caller":"models/HypertestYamlConfig.go:796","msg":"    discoveryType:    \u001b[36m\u001b[0m"}
{"level":"info","time":"2025-06-03T07:19:31.173+0530","caller":"models/HypertestYamlConfig.go:807","msg":"Report:    \u001b[36mdisabled\u001b[0m"}
{"level":"info","time":"2025-06-03T07:19:31.173+0530","caller":"models/HypertestYamlConfig.go:887","msg":""}
{"level":"debug","time":"2025-06-03T07:19:31.173+0530","caller":"filevalidator/setup.go:49","msg":"Warning: Checking data.json file in current directory, no dataJsonPath found in .hyperexecute.yaml"}
{"level":"debug","time":"2025-06-03T07:19:31.173+0530","caller":"filevalidator/setup.go:53","msg":"Warning: data.json file doesn't exist"}
{"level":"debug","time":"2025-06-03T07:19:33.237+0530","caller":"frameworks/framework.go:62","msg":"version: 0.2"}
{"level":"info","time":"2025-06-03T07:19:33.237+0530","caller":"raw/raw.go:131","msg":"Using app with unique id - lt://APP10104251901748334951012363"}
{"level":"debug","time":"2025-06-03T07:19:33.237+0530","caller":"testdiscoverer/discoverer.go:176","msg":"Running discovery command: {cat ./lambdatest/discoveryIOS.txt []}"}
{"level":"debug","time":"2025-06-03T07:19:33.237+0530","caller":"testdiscoverer/discoverer.go:81","msg":"Test Discovery Command: cat ./lambdatest/discoveryIOS.txt"}
{"level":"debug","time":"2025-06-03T07:19:33.262+0530","caller":"testdiscoverer/discoverer.go:90","msg":"Stdout: "}
{"level":"debug","time":"2025-06-03T07:19:33.262+0530","caller":"testdiscoverer/discoverer.go:91","msg":"Stderr: cat: ./lambdatest/discoveryIOS.txt: No such file or directory\n"}
{"level":"debug","time":"2025-06-03T07:19:33.262+0530","caller":"core/lifecycle.go:329","msg":"\u001b[91mERR::TSK::DSC\u001b[0m     Unable to run test discoverer exit status 1 - Error doing test discovery."}
{"level":"debug","time":"2025-06-03T07:19:33.262+0530","caller":"core/lifecycle.go:59","msg":"Quit requested from main goroutine...."}
{"level":"debug","time":"2025-06-03T07:19:33.262+0530","caller":"core/lifecycle.go:60","msg":"Waiting for the goroutines to exit"}
{"level":"debug","time":"2025-06-03T07:19:33.262+0530","caller":"core/lifecycle.go:63","msg":"All lifecycle goroutines exited"}
{"level":"debug","time":"2025-06-03T07:19:33.262+0530","caller":"cmd/bin.go:397","msg":"Exiting application due to error \u001b[91mERR::TSK::DSC\u001b[0m     Unable to run test discoverer exit status 1"}
{"level":"debug","time":"2025-06-03T07:21:38.895+0530","caller":"cmd/bin.go:144","msg":"cli os: darwin, cli arch: arm64"}
{"level":"debug","time":"2025-06-03T07:21:39.560+0530","caller":"cmd/bin.go:153","msg":"Upstream version details: {Name:cli Min:0.2.277 Max:0.2.591} "}
{"level":"info","time":"2025-06-03T07:21:39.560+0530","caller":"cmd/bin.go:201","msg":"Generating TraceID for tracking request: 01JWSQSB6Q2JET18YX1M88F1RK \n"}
{"level":"debug","time":"2025-06-03T07:21:42.126+0530","caller":"core/lifecycle.go:108","msg":"Setting environment"}
{"level":"debug","time":"2025-06-03T07:21:42.126+0530","caller":"core/lifecycle.go:111","msg":"Parsing config"}
{"level":"debug","time":"2025-06-03T07:21:42.127+0530","caller":"yamlconfigmanager/setup.go:719","msg":"Custom location for .hyperexecute.yaml specified. Using: hypexSim.yaml"}
{"level":"debug","time":"2025-06-03T07:21:42.127+0530","caller":"yamlconfigmanager/setup.go:117","msg":"using hyperexecute config from : hypexSim.yaml"}
{"level":"debug","time":"2025-06-03T07:21:42.921+0530","caller":"yamlconfigmanager/setup.go:2119","msg":"Autodetecting test type in files of path : /Users/rishavj/Documents/lambdatest-detox-framework/detox_testing"}
{"level":"debug","time":"2025-06-03T07:21:42.921+0530","caller":"yamlconfigmanager/setup.go:541","msg":"Tunnel: %!t(<nil>)"}
{"level":"info","time":"2025-06-03T07:21:42.921+0530","caller":"models/HypertestYamlConfig.go:874","msg":"\n\u001b[4m\u001b[1m\u001b[97mExecution Plan\u001b[0m\u001b[22m\u001b[24m"}
{"level":"info","time":"2025-06-03T07:21:42.922+0530","caller":"models/HypertestYamlConfig.go:675","msg":"Mode:    \u001b[36mautosplit\u001b[0m"}
{"level":"info","time":"2025-06-03T07:21:42.922+0530","caller":"models/HypertestYamlConfig.go:735","msg":"Runson:    \u001b[36mios\u001b[0m"}
{"level":"info","time":"2025-06-03T07:21:42.922+0530","caller":"models/HypertestYamlConfig.go:743","msg":"Concurrency:    \u001b[36m1\u001b[0m"}
{"level":"info","time":"2025-06-03T07:21:42.922+0530","caller":"models/HypertestYamlConfig.go:760","msg":"Framework:"}
{"level":"info","time":"2025-06-03T07:21:42.922+0530","caller":"models/HypertestYamlConfig.go:761","msg":"    Name:    \u001b[36mraw\u001b[0m"}
{"level":"info","time":"2025-06-03T07:21:42.922+0530","caller":"models/HypertestYamlConfig.go:778","msg":"    Discovery Mode:    \u001b[36mlocal\u001b[0m"}
{"level":"info","time":"2025-06-03T07:21:42.922+0530","caller":"models/HypertestYamlConfig.go:796","msg":"    discoveryType:    \u001b[36m\u001b[0m"}
{"level":"info","time":"2025-06-03T07:21:42.922+0530","caller":"models/HypertestYamlConfig.go:807","msg":"Report:    \u001b[36mdisabled\u001b[0m"}
{"level":"info","time":"2025-06-03T07:21:42.922+0530","caller":"models/HypertestYamlConfig.go:887","msg":""}
{"level":"debug","time":"2025-06-03T07:21:42.922+0530","caller":"filevalidator/setup.go:49","msg":"Warning: Checking data.json file in current directory, no dataJsonPath found in .hyperexecute.yaml"}
{"level":"debug","time":"2025-06-03T07:21:42.923+0530","caller":"filevalidator/setup.go:53","msg":"Warning: data.json file doesn't exist"}
{"level":"debug","time":"2025-06-03T07:21:46.123+0530","caller":"frameworks/framework.go:62","msg":"version: 0.2"}
{"level":"info","time":"2025-06-03T07:21:46.123+0530","caller":"raw/raw.go:131","msg":"Using app with unique id - lt://APP10104251901748334951012363"}
{"level":"debug","time":"2025-06-03T07:21:46.124+0530","caller":"testdiscoverer/discoverer.go:176","msg":"Running discovery command: {cat ./lambdatest/discoveryIOS.txt []}"}
{"level":"debug","time":"2025-06-03T07:21:46.124+0530","caller":"testdiscoverer/discoverer.go:81","msg":"Test Discovery Command: cat ./lambdatest/discoveryIOS.txt"}
{"level":"debug","time":"2025-06-03T07:21:46.146+0530","caller":"testdiscoverer/discoverer.go:90","msg":"Stdout: "}
{"level":"debug","time":"2025-06-03T07:21:46.146+0530","caller":"testdiscoverer/discoverer.go:91","msg":"Stderr: cat: ./lambdatest/discoveryIOS.txt: No such file or directory\n"}
{"level":"debug","time":"2025-06-03T07:21:46.146+0530","caller":"core/lifecycle.go:329","msg":"\u001b[91mERR::TSK::DSC\u001b[0m     Unable to run test discoverer exit status 1 - Error doing test discovery."}
{"level":"debug","time":"2025-06-03T07:21:46.146+0530","caller":"core/lifecycle.go:59","msg":"Quit requested from main goroutine...."}
{"level":"debug","time":"2025-06-03T07:21:46.146+0530","caller":"core/lifecycle.go:60","msg":"Waiting for the goroutines to exit"}
{"level":"debug","time":"2025-06-03T07:21:46.146+0530","caller":"core/lifecycle.go:63","msg":"All lifecycle goroutines exited"}
{"level":"debug","time":"2025-06-03T07:21:46.146+0530","caller":"cmd/bin.go:397","msg":"Exiting application due to error \u001b[91mERR::TSK::DSC\u001b[0m     Unable to run test discoverer exit status 1"}
